<?xml version='1.0' encoding='UTF-8' standalone='no'?>
<doxygen xmlns:xsi="http://www.w3.org/2001/XMLSchema-instance" xsi:noNamespaceSchemaLocation="compound.xsd" version="1.8.17">
  <compounddef id="test-runner_8cpp" kind="file" language="C++">
    <compoundname>test-runner.cpp</compoundname>
    <includes local="no">cppunit/XmlOutputter.h</includes>
    <includes local="no">cppunit/extensions/TestFactoryRegistry.h</includes>
    <includes local="no">cppunit/ui/text/TestRunner.h</includes>
    <includes local="no">iostream</includes>
    <includes local="no">fstream</includes>
    <incdepgraph>
      <node id="4">
        <label>cppunit/ui/text/TestRunner.h</label>
      </node>
      <node id="3">
        <label>cppunit/extensions/TestFactoryRegistry.h</label>
      </node>
      <node id="5">
        <label>iostream</label>
        <link refid="cpp/header/iostream" external="/home/docker/.local/lib/python3.8/site-packages/catkin_tools_document/external/cppreference-doxygen-web.tag.xml"/>
      </node>
      <node id="6">
        <label>fstream</label>
        <link refid="cpp/header/fstream" external="/home/docker/.local/lib/python3.8/site-packages/catkin_tools_document/external/cppreference-doxygen-web.tag.xml"/>
      </node>
      <node id="1">
        <label>test-runner.cpp</label>
        <link refid="test-runner_8cpp"/>
        <childnode refid="2" relation="include">
        </childnode>
        <childnode refid="3" relation="include">
        </childnode>
        <childnode refid="4" relation="include">
        </childnode>
        <childnode refid="5" relation="include">
        </childnode>
        <childnode refid="6" relation="include">
        </childnode>
      </node>
      <node id="2">
        <label>cppunit/XmlOutputter.h</label>
      </node>
    </incdepgraph>
      <sectiondef kind="func">
      <memberdef kind="function" id="test-runner_8cpp_1a3c04138a5bfe5d72780bb7e82a18e627" prot="public" static="no" const="no" explicit="no" inline="no" virt="non-virtual">
        <type>int</type>
        <definition>int main</definition>
        <argsstring>(int argc, char **argv)</argsstring>
        <name>main</name>
        <param>
          <type>int</type>
          <declname>argc</declname>
        </param>
        <param>
          <type>char **</type>
          <declname>argv</declname>
        </param>
        <briefdescription>
        </briefdescription>
        <detaileddescription>
        </detaileddescription>
        <inbodydescription>
        </inbodydescription>
        <location file="tests/test-runner.cpp" line="15" column="5" bodyfile="tests/test-runner.cpp" bodystart="15" bodyend="37"/>
      </memberdef>
      </sectiondef>
    <briefdescription>
    </briefdescription>
    <detaileddescription>
    </detaileddescription>
    <programlisting>
<codeline lineno="1"><highlight class="comment">//<sp/>Copyright<sp/>(C)<sp/>2007<sp/>Klaas<sp/>Gadeyne</highlight><highlight class="normal"></highlight></codeline>
<codeline lineno="2"><highlight class="normal"></highlight></codeline>
<codeline lineno="3"><highlight class="normal"></highlight><highlight class="comment">/*<sp/>Modified<sp/>from<sp/>orocos<sp/>cppunit<sp/>test<sp/>code</highlight></codeline>
<codeline lineno="4"><highlight class="comment"><sp/><sp/><sp/><sp/>begin<sp/><sp/><sp/><sp/><sp/><sp/><sp/><sp/><sp/><sp/><sp/><sp/><sp/><sp/><sp/><sp/>:<sp/>Mon<sp/>January<sp/>10<sp/>2005</highlight></codeline>
<codeline lineno="5"><highlight class="comment"><sp/><sp/><sp/><sp/>copyright<sp/><sp/><sp/><sp/><sp/><sp/><sp/><sp/><sp/><sp/><sp/><sp/>:<sp/>(C)<sp/>2005<sp/>Peter<sp/>Soetens</highlight></codeline>
<codeline lineno="6"><highlight class="comment"><sp/><sp/><sp/><sp/>email<sp/><sp/><sp/><sp/><sp/><sp/><sp/><sp/><sp/><sp/><sp/><sp/><sp/><sp/><sp/><sp/>:<sp/>peter.soetens@mech.kuleuven.ac.be</highlight></codeline>
<codeline lineno="7"><highlight class="comment">*/</highlight><highlight class="normal"></highlight></codeline>
<codeline lineno="8"><highlight class="normal"></highlight></codeline>
<codeline lineno="9"><highlight class="normal"></highlight><highlight class="preprocessor">#include<sp/>&lt;cppunit/XmlOutputter.h&gt;</highlight><highlight class="normal"></highlight></codeline>
<codeline lineno="10"><highlight class="normal"></highlight><highlight class="preprocessor">#include<sp/>&lt;cppunit/extensions/TestFactoryRegistry.h&gt;</highlight><highlight class="normal"></highlight></codeline>
<codeline lineno="11"><highlight class="normal"></highlight><highlight class="preprocessor">#include<sp/>&lt;cppunit/ui/text/TestRunner.h&gt;</highlight><highlight class="normal"></highlight></codeline>
<codeline lineno="12"><highlight class="normal"></highlight><highlight class="preprocessor">#include<sp/>&lt;<ref refid="cpp/header/iostream" kindref="compound" external="/home/docker/.local/lib/python3.8/site-packages/catkin_tools_document/external/cppreference-doxygen-web.tag.xml">iostream</ref>&gt;</highlight><highlight class="normal"></highlight></codeline>
<codeline lineno="13"><highlight class="normal"></highlight><highlight class="preprocessor">#include<sp/>&lt;<ref refid="cpp/header/fstream" kindref="compound" external="/home/docker/.local/lib/python3.8/site-packages/catkin_tools_document/external/cppreference-doxygen-web.tag.xml">fstream</ref>&gt;</highlight><highlight class="normal"></highlight></codeline>
<codeline lineno="14"><highlight class="normal"></highlight></codeline>
<codeline lineno="15" refid="test-runner_8cpp_1a3c04138a5bfe5d72780bb7e82a18e627" refkind="member"><highlight class="normal"></highlight><highlight class="keywordtype">int</highlight><highlight class="normal"><sp/><ref refid="test-runner_8cpp_1a3c04138a5bfe5d72780bb7e82a18e627" kindref="member">main</ref>(</highlight><highlight class="keywordtype">int</highlight><highlight class="normal"><sp/>argc,<sp/></highlight><highlight class="keywordtype">char</highlight><highlight class="normal">**<sp/>argv)</highlight></codeline>
<codeline lineno="16"><highlight class="normal">{</highlight></codeline>
<codeline lineno="17"><highlight class="normal"><sp/><sp/><sp/><sp/></highlight><highlight class="comment">//<sp/>Get<sp/>the<sp/>top<sp/>level<sp/>suite<sp/>from<sp/>the<sp/>registry</highlight><highlight class="normal"></highlight></codeline>
<codeline lineno="18"><highlight class="normal"><sp/><sp/><sp/><sp/>CppUnit::Test<sp/>*suite<sp/>=<sp/>CppUnit::TestFactoryRegistry::getRegistry().makeTest();</highlight></codeline>
<codeline lineno="19"><highlight class="normal"></highlight></codeline>
<codeline lineno="20"><highlight class="normal"><sp/><sp/><sp/><sp/></highlight><highlight class="comment">//<sp/>Adds<sp/>the<sp/>test<sp/>to<sp/>the<sp/>list<sp/>of<sp/>test<sp/>to<sp/>run</highlight><highlight class="normal"></highlight></codeline>
<codeline lineno="21"><highlight class="normal"><sp/><sp/><sp/><sp/>CppUnit::TextUi::TestRunner<sp/>runner;</highlight></codeline>
<codeline lineno="22"><highlight class="normal"><sp/><sp/><sp/><sp/>runner.addTest(<sp/>suite<sp/>);</highlight></codeline>
<codeline lineno="23"><highlight class="normal"></highlight><highlight class="preprocessor">#ifndef<sp/>TESTNAME</highlight><highlight class="normal"></highlight></codeline>
<codeline lineno="24"><highlight class="normal"><sp/><sp/><sp/><sp/><ref refid="cpp/io/basic_ofstream" kindref="compound" external="/home/docker/.local/lib/python3.8/site-packages/catkin_tools_document/external/cppreference-doxygen-web.tag.xml">std::ofstream</ref><sp/>outputFile(<ref refid="cpp/string/basic_string" kindref="compound" external="/home/docker/.local/lib/python3.8/site-packages/catkin_tools_document/external/cppreference-doxygen-web.tag.xml">std::string</ref>(suite-&gt;getName()+</highlight><highlight class="stringliteral">&quot;-result.xml&quot;</highlight><highlight class="normal">).<ref refid="cpp/string/basic_string/c_str" kindref="compound" external="/home/docker/.local/lib/python3.8/site-packages/catkin_tools_document/external/cppreference-doxygen-web.tag.xml">c_str</ref>());</highlight></codeline>
<codeline lineno="25"><highlight class="normal"></highlight><highlight class="preprocessor">#else</highlight><highlight class="normal"></highlight></codeline>
<codeline lineno="26"><highlight class="normal"><sp/><sp/><sp/><sp/><ref refid="cpp/io/basic_ofstream" kindref="compound" external="/home/docker/.local/lib/python3.8/site-packages/catkin_tools_document/external/cppreference-doxygen-web.tag.xml">std::ofstream</ref><sp/>outputFile((<ref refid="cpp/string/basic_string" kindref="compound" external="/home/docker/.local/lib/python3.8/site-packages/catkin_tools_document/external/cppreference-doxygen-web.tag.xml">std::string</ref>(TESTNAME)+<ref refid="cpp/string/basic_string" kindref="compound" external="/home/docker/.local/lib/python3.8/site-packages/catkin_tools_document/external/cppreference-doxygen-web.tag.xml">std::string</ref>(</highlight><highlight class="stringliteral">&quot;-result.xml&quot;</highlight><highlight class="normal">)).c_str());</highlight></codeline>
<codeline lineno="27"><highlight class="normal"></highlight><highlight class="preprocessor">#endif</highlight><highlight class="normal"></highlight></codeline>
<codeline lineno="28"><highlight class="normal"><sp/><sp/><sp/><sp/></highlight><highlight class="comment">//<sp/>Change<sp/>the<sp/>default<sp/>outputter<sp/>to<sp/>a<sp/>compiler<sp/>error<sp/>format<sp/>outputter</highlight><highlight class="normal"></highlight></codeline>
<codeline lineno="29"><highlight class="normal"><sp/><sp/><sp/><sp/>runner.setOutputter(<sp/></highlight><highlight class="keyword">new</highlight><highlight class="normal"><sp/>CppUnit::XmlOutputter(<sp/>&amp;runner.result(),outputFile<sp/>)<sp/>);</highlight></codeline>
<codeline lineno="30"><highlight class="normal"><sp/><sp/><sp/><sp/></highlight></codeline>
<codeline lineno="31"><highlight class="normal"><sp/><sp/><sp/><sp/></highlight><highlight class="comment">//<sp/>Run<sp/>the<sp/>tests.</highlight><highlight class="normal"></highlight></codeline>
<codeline lineno="32"><highlight class="normal"><sp/><sp/><sp/><sp/></highlight><highlight class="keywordtype">bool</highlight><highlight class="normal"><sp/>wasSucessful<sp/>=<sp/>runner.run();</highlight></codeline>
<codeline lineno="33"><highlight class="normal"></highlight></codeline>
<codeline lineno="34"><highlight class="normal"><sp/><sp/><sp/><sp/>outputFile.<ref refid="cpp/io/basic_ofstream/close" kindref="compound" external="/home/docker/.local/lib/python3.8/site-packages/catkin_tools_document/external/cppreference-doxygen-web.tag.xml">close</ref>();</highlight></codeline>
<codeline lineno="35"><highlight class="normal"><sp/><sp/><sp/><sp/></highlight><highlight class="comment">//<sp/>Return<sp/>error<sp/>code<sp/>1<sp/>if<sp/>the<sp/>one<sp/>of<sp/>test<sp/>failed.</highlight><highlight class="normal"></highlight></codeline>
<codeline lineno="36"><highlight class="normal"><sp/><sp/><sp/><sp/></highlight><highlight class="keywordflow">return</highlight><highlight class="normal"><sp/>wasSucessful<sp/>?<sp/>0<sp/>:<sp/>1;</highlight></codeline>
<codeline lineno="37"><highlight class="normal">}</highlight></codeline>
    </programlisting>
    <location file="tests/test-runner.cpp"/>
  </compounddef>
</doxygen>
